  asteroid.cpp
d:\图形学\opengl工程\高级opengl\自己_实例化之小行星带\自己_实例化之小行星带\asteroid.cpp(82): warning C4244: “=”: 从“double”转换到“GLfloat”，可能丢失数据
d:\图形学\opengl工程\高级opengl\自己_实例化之小行星带\自己_实例化之小行星带\asteroid.cpp(83): warning C4244: “=”: 从“double”转换到“GLfloat”，可能丢失数据
d:\图形学\opengl工程\高级opengl\自己_实例化之小行星带\自己_实例化之小行星带\asteroid.cpp(84): warning C4244: “=”: 从“double”转换到“GLfloat”，可能丢失数据
d:\图形学\opengl工程\高级opengl\自己_实例化之小行星带\自己_实例化之小行星带\asteroid.cpp(86): warning C4244: “=”: 从“int”转换到“GLfloat”，可能丢失数据
d:\图形学\opengl工程\高级opengl\自己_实例化之小行星带\自己_实例化之小行星带\asteroid.cpp(93): warning C4244: “初始化”: 从“double”转换到“GLfloat”，可能丢失数据
d:\图形学\opengl工程\高级opengl\自己_实例化之小行星带\自己_实例化之小行星带\asteroid.cpp(129): warning C4305: “参数”: 从“double”到“T”截断
          with
          [
              T=float
          ]
d:\图形学\opengl工程\高级opengl\自己_实例化之小行星带\自己_实例化之小行星带\asteroid.cpp(130): warning C4305: “参数”: 从“double”到“T”截断
          with
          [
              T=float
          ]
d:\图形学\opengl工程\高级opengl\自己_实例化之小行星带\自己_实例化之小行星带\asteroid.cpp(132): warning C4305: “参数”: 从“double”到“T”截断
          with
          [
              T=float
          ]
d:\图形学\opengl工程\高级opengl\自己_实例化之小行星带\自己_实例化之小行星带\asteroid.cpp(133): warning C4305: “参数”: 从“double”到“T”截断
          with
          [
              T=float
          ]
d:\图形学\opengl工程\高级opengl\自己_实例化之小行星带\自己_实例化之小行星带\asteroid.cpp(126): warning C4101: “scale”: 未引用的局部变量
d:\图形学\opengl工程\高级opengl\自己_实例化之小行星带\自己_实例化之小行星带\asteroid.cpp(249): warning C4244: “=”: 从“double”转换到“GLfloat”，可能丢失数据
d:\图形学\opengl工程\高级opengl\自己_实例化之小行星带\自己_实例化之小行星带\asteroid.cpp(250): warning C4244: “=”: 从“double”转换到“GLfloat”，可能丢失数据
d:\图形学\opengl工程\高级opengl\自己_实例化之小行星带\自己_实例化之小行星带\asteroid.cpp(254): warning C4244: “初始化”: 从“double”转换到“GLfloat”，可能丢失数据
d:\图形学\opengl工程\高级opengl\自己_实例化之小行星带\自己_实例化之小行星带\asteroid.cpp(255): warning C4244: “初始化”: 从“double”转换到“GLfloat”，可能丢失数据
d:\图形学\opengl工程\高级opengl\自己_实例化之小行星带\自己_实例化之小行星带\asteroid.cpp(257): warning C4244: “=”: 从“double”转换到“GLfloat”，可能丢失数据
d:\图形学\opengl工程\高级opengl\自己_实例化之小行星带\自己_实例化之小行星带\asteroid.cpp(258): warning C4244: “=”: 从“double”转换到“GLfloat”，可能丢失数据
d:\图形学\opengl工程\高级opengl\自己_实例化之小行星带\自己_实例化之小行星带\asteroid.cpp(265): warning C4244: “参数”: 从“double”转换到“GLfloat”，可能丢失数据
LINK : warning LNK4098: 默认库“LIBCMT”与其他库的使用冲突；请使用 /NODEFAULTLIB:library
glew32s.lib(glew.obj) : warning LNK4099: 未找到 PDB“vc120.pdb”(使用“glew32s.lib(glew.obj)”或在“D:\图形学\OpenGL工程\高级OpenGL\自己_实例化之小行星带\Debug\vc120.pdb”中寻找)；正在链接对象，如同没有调试信息一样
SOIL.lib(image_DXT.obj) : warning LNK4099: 未找到 PDB“vc110.pdb”(使用“SOIL.lib(image_DXT.obj)”或在“D:\图形学\OpenGL工程\高级OpenGL\自己_实例化之小行星带\Debug\vc110.pdb”中寻找)；正在链接对象，如同没有调试信息一样
SOIL.lib(image_helper.obj) : warning LNK4099: 未找到 PDB“vc110.pdb”(使用“SOIL.lib(image_helper.obj)”或在“D:\图形学\OpenGL工程\高级OpenGL\自己_实例化之小行星带\Debug\vc110.pdb”中寻找)；正在链接对象，如同没有调试信息一样
SOIL.lib(SOIL.obj) : warning LNK4099: 未找到 PDB“vc110.pdb”(使用“SOIL.lib(SOIL.obj)”或在“D:\图形学\OpenGL工程\高级OpenGL\自己_实例化之小行星带\Debug\vc110.pdb”中寻找)；正在链接对象，如同没有调试信息一样
SOIL.lib(stb_image_aug.obj) : warning LNK4099: 未找到 PDB“vc110.pdb”(使用“SOIL.lib(stb_image_aug.obj)”或在“D:\图形学\OpenGL工程\高级OpenGL\自己_实例化之小行星带\Debug\vc110.pdb”中寻找)；正在链接对象，如同没有调试信息一样
  自己_实例化之小行星带.vcxproj -> D:\图形学\OpenGL工程\高级OpenGL\自己_实例化之小行星带\Debug\自己_实例化之小行星带.exe
