  多光源.cpp
d:\图形学\opengl工程\基础opengl\自己_三种光源\自己_多光源\自己_光照环境\多光源.cpp(201): warning C4244: “初始化”: 从“double”转换到“GLfloat”，可能丢失数据
d:\图形学\opengl工程\基础opengl\自己_三种光源\自己_多光源\自己_光照环境\多光源.cpp(243): warning C4305: “参数”: 从“double”到“GLfloat”截断
d:\图形学\opengl工程\基础opengl\自己_三种光源\自己_多光源\自己_光照环境\多光源.cpp(244): warning C4305: “参数”: 从“double”到“GLfloat”截断
d:\图形学\opengl工程\基础opengl\自己_三种光源\自己_多光源\自己_光照环境\多光源.cpp(251): warning C4305: “参数”: 从“double”到“GLfloat”截断
d:\图形学\opengl工程\基础opengl\自己_三种光源\自己_多光源\自己_光照环境\多光源.cpp(252): warning C4305: “参数”: 从“double”到“GLfloat”截断
d:\图形学\opengl工程\基础opengl\自己_三种光源\自己_多光源\自己_光照环境\多光源.cpp(259): warning C4305: “参数”: 从“double”到“GLfloat”截断
d:\图形学\opengl工程\基础opengl\自己_三种光源\自己_多光源\自己_光照环境\多光源.cpp(260): warning C4305: “参数”: 从“double”到“GLfloat”截断
d:\图形学\opengl工程\基础opengl\自己_三种光源\自己_多光源\自己_光照环境\多光源.cpp(267): warning C4305: “参数”: 从“double”到“GLfloat”截断
d:\图形学\opengl工程\基础opengl\自己_三种光源\自己_多光源\自己_光照环境\多光源.cpp(268): warning C4305: “参数”: 从“double”到“GLfloat”截断
d:\图形学\opengl工程\基础opengl\自己_三种光源\自己_多光源\自己_光照环境\多光源.cpp(390): warning C4244: “=”: 从“double”转换到“GLfloat”，可能丢失数据
d:\图形学\opengl工程\基础opengl\自己_三种光源\自己_多光源\自己_光照环境\多光源.cpp(391): warning C4244: “=”: 从“double”转换到“GLfloat”，可能丢失数据
d:\图形学\opengl工程\基础opengl\自己_三种光源\自己_多光源\自己_光照环境\多光源.cpp(395): warning C4244: “初始化”: 从“double”转换到“GLfloat”，可能丢失数据
d:\图形学\opengl工程\基础opengl\自己_三种光源\自己_多光源\自己_光照环境\多光源.cpp(396): warning C4244: “初始化”: 从“double”转换到“GLfloat”，可能丢失数据
d:\图形学\opengl工程\基础opengl\自己_三种光源\自己_多光源\自己_光照环境\多光源.cpp(398): warning C4244: “=”: 从“double”转换到“GLfloat”，可能丢失数据
d:\图形学\opengl工程\基础opengl\自己_三种光源\自己_多光源\自己_光照环境\多光源.cpp(399): warning C4244: “=”: 从“double”转换到“GLfloat”，可能丢失数据
d:\图形学\opengl工程\基础opengl\自己_三种光源\自己_多光源\自己_光照环境\多光源.cpp(406): warning C4244: “参数”: 从“double”转换到“GLfloat”，可能丢失数据
  GLM: perspective function taking degrees as a parameter is deprecated. #define GLM_FORCE_RADIANS before including GLM headers to remove this message.
  GLM: rotate function taking degrees as a parameter is deprecated. #define GLM_FORCE_RADIANS before including GLM headers to remove this message.
LINK : warning LNK4098: 默认库“LIBCMT”与其他库的使用冲突；请使用 /NODEFAULTLIB:library
glew32s.lib(glew.obj) : warning LNK4099: 未找到 PDB“vc120.pdb”(使用“glew32s.lib(glew.obj)”或在“D:\图形学\OpenGL工程\基础OpenGL\自己_三种光源\自己_多光源\Debug\vc120.pdb”中寻找)；正在链接对象，如同没有调试信息一样
SOIL.lib(image_DXT.obj) : warning LNK4099: 未找到 PDB“vc110.pdb”(使用“SOIL.lib(image_DXT.obj)”或在“D:\图形学\OpenGL工程\基础OpenGL\自己_三种光源\自己_多光源\Debug\vc110.pdb”中寻找)；正在链接对象，如同没有调试信息一样
SOIL.lib(image_helper.obj) : warning LNK4099: 未找到 PDB“vc110.pdb”(使用“SOIL.lib(image_helper.obj)”或在“D:\图形学\OpenGL工程\基础OpenGL\自己_三种光源\自己_多光源\Debug\vc110.pdb”中寻找)；正在链接对象，如同没有调试信息一样
SOIL.lib(SOIL.obj) : warning LNK4099: 未找到 PDB“vc110.pdb”(使用“SOIL.lib(SOIL.obj)”或在“D:\图形学\OpenGL工程\基础OpenGL\自己_三种光源\自己_多光源\Debug\vc110.pdb”中寻找)；正在链接对象，如同没有调试信息一样
SOIL.lib(stb_image_aug.obj) : warning LNK4099: 未找到 PDB“vc110.pdb”(使用“SOIL.lib(stb_image_aug.obj)”或在“D:\图形学\OpenGL工程\基础OpenGL\自己_三种光源\自己_多光源\Debug\vc110.pdb”中寻找)；正在链接对象，如同没有调试信息一样
  自己_光照环境.vcxproj -> D:\图形学\OpenGL工程\基础OpenGL\自己_三种光源\自己_多光源\Debug\自己_光照环境.exe
